build/app/outputs/mapping/release/seeds.txt
com.biton.spider3dflux.MainActivity: MainActivity()
com.biton.spider3dflux.MainActivity
...
com.google.android.gms.internal.ads.zzcz: long zzj
com.google.firestore.v1.DocumentTransform$FieldTransform: com.google.protobuf.Parser PARSER
androidx.vectordrawable.graphics.drawable.VectorDrawableCompat$VGroup: void setTranslateY(float)
com.razorpay.RzpAssist: void injectJs(java.lang.String)
com.onesignal.OSNotificationWorkManager$NotificationWorker: OSNotificationWorkManager$NotificationWorker(android.content.Context,androidx.work.WorkerParameters)
com.google.firestore.v1.Value: com.google.firestore.v1.Value DEFAULT_INSTANCE
com.razorpay.CircularProgressView$7: void onAnimationUpdate(android.animation.ValueAnimator)
com.facebook.ads.NativeBannerAd: void registerViewForInteraction(android.view.View,android.widget.ImageView,java.util.List)
com.razorpay.R$string: int abc_searchview_description_search
com.razorpay.StorageBridge: void setString(java.lang.String,java.lang.String)
com.facebook.ads.internal.api.AdViewConstructorParams: int getDefStyleRes()
com.razorpay.R$style: int Widget_AppCompat_Light_DropDownItem_Spinner
com.razorpay.R$id: int rzp_securedpayments
com.google.android.gms.internal.measurement.zzkd: int zzd
com.facebook.ads.NativeAdsManager: void setListener(com.facebook.ads.NativeAdsManager$Listener)
com.facebook.ads.internal.util.parcelable.WrappedParcelable: int describeContents()
org.chromium.support_lib_boundary.ServiceWorkerWebSettingsBoundaryInterface: void setAllowFileAccess(boolean)
com.facebook.ads.VideoStartReason: com.facebook.ads.VideoStartReason USER_STARTED
com.razorpay.razorpay_flutter.R$id: int progressBar
com.razorpay.R$drawable: int notification_bg_low
androidx.recyclerview.widget.RecyclerView: androidx.recyclerview.widget.RecyclerView$Adapter getAdapter()
com.razorpay.R$style: int Base_Theme_AppCompat_Dialog
com.razorpay.R$styleable: int AppCompatTheme_selectableItemBackgroundBorderless
androidx.appcompat.widget.AppCompatImageButton: android.content.res.ColorStateList getSupportBackgroundTintList()
com.razorpay.R$anim: int abc_slide_in_top
com.razorpay.RzpAssist: java.lang.String lastURL
com.facebook.ads.internal.dynamicloading.DynamicLoaderFallback: com.facebook.ads.internal.dynamicloading.DynamicLoader makeFallbackLoader()
com.google.android.gms.internal.ads.zzxv: com.google.android.gms.internal.ads.zzxk zze
androidx.lifecycle.LiveData$ObserverWrapper: boolean isAttachedTo(androidx.lifecycle.LifecycleOwner)
com.razorpay.R$attr: int commitIcon
com.facebook.ads.AdOptionsView
com.razorpay.R$styleable: int AppCompatTextView_drawableLeftCompat
com.razorpay.AnalyticsEvent: com.razorpay.AnalyticsEvent AMAZON_PROCESS_VERIFY_SIGNATURE_INTERNAL_ERROR_CALLED
com.google.android.gms.internal.measurement.zzfo: com.google.android.gms.internal.measurement.zzkk zze
com.google.android.play.core.common.PlayCoreDialogWrapperActivity: PlayCoreDialogWrapperActivity()
com.google.android.gms.internal.ads.zzvv: int zze
com.razorpay.AnalyticsConstants: java.lang.String DESTROY
com.razorpay.razorpay_flutter.R$styleable: R$styleable()
com.facebook.ads.MediaViewVideoRenderer: MediaViewVideoRenderer(android.content.Context,android.util.AttributeSet,int,int)
com.razorpay.R$dimen: int abc_disabled_alpha_material_dark
com.razorpay.razorpay_flutter.R$id: int accessibility_custom_action_4
com.google.android.gms.internal.ads.zzekz: int zzb
androidx.appcompat.widget.ActionBarOverlayLayout: void setActionBarVisibilityCallback(androidx.appcompat.widget.ActionBarOverlayLayout$ActionBarVisibilityCallback)
com.razorpay.CheckoutBridge$15
com.razorpay.AnalyticsEvent: com.razorpay.AnalyticsEvent CHECKOUT_SOFT_BACK_PRESSED
com.google.firebase.firestore.proto.Target: int QUERY_FIELD_NUMBER
com.google.android.gms.internal.ads.zzcz: long zzt
com.razorpay.R$style: int TextAppearance_AppCompat_Widget_Button
com.razorpay.R$style: int Base_Widget_AppCompat_TextView_SpinnerItem
io.flutter.embedding.engine.FlutterJNI: void invokePlatformMessageResponseCallback(int,java.nio.ByteBuffer,int)
com.razorpay.R$styleable: int AppCompatImageView_tintMode