build/app/outputs/mapping/release/usage.txt
com.biton.spider3dflux.R$integer
com.biton.spider3dflux.R$animator
com.biton.spider3dflux.R$mipmap
com.biton.spider3dflux.R$string
com.biton.spider3dflux.MainActivityKt
com.biton.spider3dflux.R$id
com.biton.spider3dflux.R$layout
com.biton.spider3dflux.R$dimen
com.biton.spider3dflux.R$anim
com.biton.spider3dflux.R$style
com.biton.spider3dflux.R$styleable
com.biton.spider3dflux.R$xml
com.biton.spider3dflux.R$attr
com.biton.spider3dflux.R$color
com.biton.spider3dflux.R$interpolator
com.biton.spider3dflux.R$bool
com.biton.spider3dflux.R$drawable
com.biton.spider3dflux.R$raw
com.biton.spider3dflux.BuildConfig
com.biton.spider3dflux.R
com.biton.spider3dflux.R$menu
...
com.google.common.eventbus.SubscriberRegistry$1
io.flutter.plugins.firebase.firestore.R$attr
io.flutter.embedding.android.FlutterFragment$ActivityCallThrough
com.google.common.hash.MacHashFunction
com.google.android.gms.maps.zzs
com.google.common.graph.AbstractNetwork$1
com.google.common.collect.AbstractMultimap:
    public boolean isEmpty()
    public boolean containsValue(java.lang.Object)
    public boolean containsEntry(java.lang.Object,java.lang.Object)
    public boolean remove(java.lang.Object,java.lang.Object)
    public boolean put(java.lang.Object,java.lang.Object)
    public boolean putAll(java.lang.Object,java.lang.Iterable)
    public boolean putAll(com.google.common.collect.Multimap)
    public java.util.Collection replaceValues(java.lang.Object,java.lang.Iterable)
    public java.util.Collection entries()
    abstract java.util.Collection createEntries()
    abstract java.util.Iterator entryIterator()
    public java.util.Set keySet()
    abstract java.util.Set createKeySet()
    public com.google.common.collect.Multiset keys()
    abstract com.google.common.collect.Multiset createKeys()
    public java.util.Collection values()
    abstract java.util.Collection createValues()
    java.util.Iterator valueIterator()
    abstract java.util.Map createAsMap()
    private transient java.util.Collection entries
    private transient java.util.Set keySet
    private transient com.google.common.collect.Multiset keys
    private transient java.util.Collection values
    private transient java.util.Map asMap
com.google.android.gms.common.api.Api$ApiOptions$HasOptions
com.google.android.gms.internal.maps.zzj:
    public final com.google.android.gms.maps.model.LatLng getCenter()
    public final double getRadius()
    public final float getStrokeWidth()
    public final int getStrokeColor()
    public final int getFillColor()
    public final float getZIndex()
    public final boolean isVisible()
    public final boolean isClickable()
    public final void setStrokePattern(java.util.List)
    public final java.util.List getStrokePattern()
    public final void zze(com.google.android.gms.dynamic.IObjectWrapper)
    public final com.google.android.gms.dynamic.IObjectWrapper zzk()
com.squareup.okhttp.internal.DiskLruCache$2
androidx.fragment.R$color
com.google.android.material.bottomappbar.BottomAppBar$7
com.google.errorprone.annotations.CanIgnoreReturnValue
io.flutter.plugins.firebasedynamiclinks.FirebaseDynamicLinksPlugin:
    private void <init>(android.app.Activity,io.flutter.plugin.common.MethodChannel)
    public static void registerWith(io.flutter.plugin.common.PluginRegistry$Registrar)
com.google.api.UsageOrBuilder
com.google.firebase.dynamiclinks.DynamicLink$NavigationInfoParameters$Builder:
    public boolean getForcedRedirectEnabled()
com.google.common.collect.ImmutableAsList
com.google.common.collect.LexicographicalOrdering
com.google.android.material.snackbar.BaseTransientBottomBar$ContentViewCallback
com.google.zxing.qrcode.decoder.BitMatrixParser
androidx.appcompat.widget.ActivityChooserView$1
com.google.protobuf.InvalidProtocolBufferException$InvalidWireTypeException:
    private static final long serialVersionUID
com.lyokone.location.NotificationOptions:
    public static synthetic com.lyokone.location.NotificationOptions copy$default(com.lyokone.location.NotificationOptions,java.lang.String,java.lang.String,java.lang.String,java.lang.String,java.lang.String,java.lang.Integer,boolean,int,java.lang.Object)
    public final java.lang.String component1()
    public final java.lang.String component2()
    public final java.lang.String component3()
    public final java.lang.String component4()
    public final java.lang.String component5()
    public final java.lang.Integer component6()
    public final boolean component7()
    public final com.lyokone.location.NotificationOptions copy(java.lang.String,java.lang.String,java.lang.String,java.lang.String,java.lang.String,java.lang.Integer,boolean)